<?xml version="1.0" encoding="UTF-8"?>
<!-- Generated by org.testng.reporters.JUnitReportReporter -->
<testsuite hostname="ADMIN-PC" name="testScripts.SmokeTests" tests="7" failures="0" timestamp="5 Sep 2016 11:53:51 GMT" time="0.887" errors="0">
  <testcase name="testCaseExcelDataProvider" time="0.107" classname="testScripts.SmokeTests"/>
  <testcase name="cityCoordTest" time="0.056" classname="testScripts.SmokeTests"/>
  <testcase name="testCaseExcelDataProvider" time="0.089" classname="testScripts.SmokeTests"/>
  <testcase name="testCaseExcelDataProvider" time="0.061" classname="testScripts.SmokeTests"/>
  <testcase name="simpleTest" time="0.293" classname="testScripts.SmokeTests"/>
  <testcase name="cityMaintest" time="0.171" classname="testScripts.SmokeTests"/>
  <testcase name="testCaseExcelDataProvider" time="0.110" classname="testScripts.SmokeTests"/>
</testsuite> <!-- testScripts.SmokeTests -->
